Arguments: 
  /usr/local/bin/node /usr/local/bin/yarn add web3.storage

PATH: 
  /usr/local/bin:/usr/bin:/bin:/usr/sbin:/sbin:/Library/Apple/usr/bin:/Library/Frameworks/Mono.framework/Versions/Current/Commands:/usr/local/mysql/bin:/Users/apple/Desktop/apache-maven-3.6.1/bin:/Users/apple/Desktop/flutter2.02/bin:/Users/apple/Library/Android/sdk/tools:/Users/apple/Library/Android/sdk/platform-tools:/Users/apple/Desktop/apache-maven-3.8.2/bin:/usr/local/mysql/bin:/Users/apple/Desktop/apache-maven-3.6.1/bin:/Users/apple/Desktop/flutter2.02/bin:/Users/apple/Library/Android/sdk/tools:/Users/apple/Library/Android/sdk/platform-tools:/Users/apple/Desktop/apache-maven-3.8.2/bin

Yarn version: 
  1.3.2

Node version: 
  17.2.0

Platform: 
  darwin x64

npm manifest: 
  {
    "name": "team1",
    "version": "1.0.0",
    "description": "",
    "main": "index.js",
    "scripts": {
      "test": "echo \"Error: no test specified\" && exit 1"
    },
    "author": "",
    "license": "ISC",
    "dependencies": {
      "nft.storage": "^6.3.0"
    }
  }

yarn manifest: 
  No manifest

Lockfile: 
  # THIS IS AN AUTOGENERATED FILE. DO NOT EDIT THIS FILE DIRECTLY.
  # yarn lockfile v1
  
  
  "@assemblyscript/loader@^0.9.4":
    version "0.9.4"
    resolved "https://registry.npmmirror.com/@assemblyscript/loader/-/loader-0.9.4.tgz#a483c54c1253656bb33babd464e3154a173e1577"
  
  "@babel/code-frame@^7.0.0":
    version "7.16.7"
    resolved "https://registry.npmmirror.com/@babel/code-frame/-/code-frame-7.16.7.tgz#44416b6bd7624b998f5b1af5d470856c40138789"
    dependencies:
      "@babel/highlight" "^7.16.7"
  
  "@babel/helper-validator-identifier@^7.16.7":
    version "7.16.7"
    resolved "https://registry.npmmirror.com/@babel/helper-validator-identifier/-/helper-validator-identifier-7.16.7.tgz#e8c602438c4a8195751243da9031d1607d247cad"
  
  "@babel/highlight@^7.16.7":
    version "7.17.12"
    resolved "https://registry.npmmirror.com/@babel/highlight/-/highlight-7.17.12.tgz#257de56ee5afbd20451ac0a75686b6b404257351"
    dependencies:
      "@babel/helper-validator-identifier" "^7.16.7"
      chalk "^2.0.0"
      js-tokens "^4.0.0"
  
  "@ipld/car@^3.0.1", "@ipld/car@^3.2.3":
    version "3.2.4"
    resolved "https://registry.npmmirror.com/@ipld/car/-/car-3.2.4.tgz#115951ba2255ec51d865773a074e422c169fb01c"
    dependencies:
      "@ipld/dag-cbor" "^7.0.0"
      multiformats "^9.5.4"
      varint "^6.0.0"
  
  "@ipld/dag-cbor@^6.0.13", "@ipld/dag-cbor@^6.0.3":
    version "6.0.15"
    resolved "https://registry.npmmirror.com/@ipld/dag-cbor/-/dag-cbor-6.0.15.tgz#aebe7a26c391cae98c32faedb681b1519e3d2372"
    dependencies:
      cborg "^1.5.4"
      multiformats "^9.5.4"
  
  "@ipld/dag-cbor@^7.0.0", "@ipld/dag-cbor@^7.0.2":
    version "7.0.2"
    resolved "https://registry.npmmirror.com/@ipld/dag-cbor/-/dag-cbor-7.0.2.tgz#a64c2ae6fa32decf655fbb9bee8f543cfae4c3f6"
    dependencies:
      cborg "^1.6.0"
      multiformats "^9.5.4"
  
  "@ipld/dag-pb@^2.0.2":
    version "2.1.17"
    resolved "https://registry.npmmirror.com/@ipld/dag-pb/-/dag-pb-2.1.17.tgz#baafe2fc6bbd1654c402a804ea54b8860cfb2912"
    dependencies:
      multiformats "^9.5.4"
  
  "@multiformats/murmur3@^1.0.3":
    version "1.1.3"
    resolved "https://registry.npmmirror.com/@multiformats/murmur3/-/murmur3-1.1.3.tgz#70349166992e5f981f1ddff0200fa775b2bf6606"
    dependencies:
      multiformats "^9.5.4"
      murmurhash3js-revisited "^3.0.0"
  
  "@protobufjs/aspromise@^1.1.1", "@protobufjs/aspromise@^1.1.2":
    version "1.1.2"
    resolved "https://registry.npmmirror.com/@protobufjs/aspromise/-/aspromise-1.1.2.tgz#9b8b0cc663d669a7d8f6f5d0893a14d348f30fbf"
  
  "@protobufjs/base64@^1.1.2":
    version "1.1.2"
    resolved "https://registry.npmmirror.com/@protobufjs/base64/-/base64-1.1.2.tgz#4c85730e59b9a1f1f349047dbf24296034bb2735"
  
  "@protobufjs/codegen@^2.0.4":
    version "2.0.4"
    resolved "https://registry.npmmirror.com/@protobufjs/codegen/-/codegen-2.0.4.tgz#7ef37f0d010fb028ad1ad59722e506d9262815cb"
  
  "@protobufjs/eventemitter@^1.1.0":
    version "1.1.0"
    resolved "https://registry.npmmirror.com/@protobufjs/eventemitter/-/eventemitter-1.1.0.tgz#355cbc98bafad5978f9ed095f397621f1d066b70"
  
  "@protobufjs/fetch@^1.1.0":
    version "1.1.0"
    resolved "https://registry.npmmirror.com/@protobufjs/fetch/-/fetch-1.1.0.tgz#ba99fb598614af65700c1619ff06d454b0d84c45"
    dependencies:
      "@protobufjs/aspromise" "^1.1.1"
      "@protobufjs/inquire" "^1.1.0"
  
  "@protobufjs/float@^1.0.2":
    version "1.0.2"
    resolved "https://registry.npmmirror.com/@protobufjs/float/-/float-1.0.2.tgz#5e9e1abdcb73fc0a7cb8b291df78c8cbd97b87d1"
  
  "@protobufjs/inquire@^1.1.0":
    version "1.1.0"
    resolved "https://registry.npmmirror.com/@protobufjs/inquire/-/inquire-1.1.0.tgz#ff200e3e7cf2429e2dcafc1140828e8cc638f089"
  
  "@protobufjs/path@^1.1.2":
    version "1.1.2"
    resolved "https://registry.npmmirror.com/@protobufjs/path/-/path-1.1.2.tgz#6cc2b20c5c9ad6ad0dccfd21ca7673d8d7fbf68d"
  
  "@protobufjs/pool@^1.1.0":
    version "1.1.0"
    resolved "https://registry.npmmirror.com/@protobufjs/pool/-/pool-1.1.0.tgz#09fd15f2d6d3abfa9b65bc366506d6ad7846ff54"
  
  "@protobufjs/utf8@^1.1.0":
    version "1.1.0"
    resolved "https://registry.npmmirror.com/@protobufjs/utf8/-/utf8-1.1.0.tgz#a777360b5b39a1a2e5106f8e858f2fd2d060c570"
  
  "@types/long@^4.0.1":
    version "4.0.2"
    resolved "https://registry.npmmirror.com/@types/long/-/long-4.0.2.tgz#b74129719fc8d11c01868010082d483b7545591a"
  
  "@types/minimatch@^3.0.4":
    version "3.0.5"
    resolved "https://registry.npmmirror.com/@types/minimatch/-/minimatch-3.0.5.tgz#1001cc5e6a3704b83c236027e77f2f58ea010f40"
  
  "@types/minimist@^1.2.0":
    version "1.2.2"
    resolved "https://registry.npmmirror.com/@types/minimist/-/minimist-1.2.2.tgz#ee771e2ba4b3dc5b372935d549fd9617bf345b8c"
  
  "@types/node@>=13.7.0":
    version "17.0.42"
    resolved "https://registry.npmmirror.com/@types/node/-/node-17.0.42.tgz#d7e8f22700efc94d125103075c074396b5f41f9b"
  
  "@types/normalize-package-data@^2.4.0":
    version "2.4.1"
    resolved "https://registry.npmmirror.com/@types/normalize-package-data/-/normalize-package-data-2.4.1.tgz#d3357479a0fdfdd5907fe67e17e0a85c906e1301"
  
  "@types/retry@0.12.0":
    version "0.12.0"
    resolved "https://registry.npmmirror.com/@types/retry/-/retry-0.12.0.tgz#2b35eccfcee7d38cd72ad99232fbd58bffb3c84d"
  
  "@web-std/blob@^3.0.1", "@web-std/blob@^3.0.3":
    version "3.0.4"
    resolved "https://registry.npmmirror.com/@web-std/blob/-/blob-3.0.4.tgz#dd67a685547331915428d69e723c7da2015c3fc5"
    dependencies:
      "@web-std/stream" "1.0.0"
      web-encoding "1.1.5"
  
  "@web-std/fetch@^3.0.3":
    version "3.0.3"
    resolved "https://registry.npmmirror.com/@web-std/fetch/-/fetch-3.0.3.tgz#507e1371825298aae61172b0da439570437d3982"
    dependencies:
      "@web-std/blob" "^3.0.3"
      "@web-std/form-data" "^3.0.2"
      "@web3-storage/multipart-parser" "^1.0.0"
      data-uri-to-buffer "^3.0.1"
  
  "@web-std/file@^3.0.0":
    version "3.0.2"
    resolved "https://registry.npmmirror.com/@web-std/file/-/file-3.0.2.tgz#b84cc9ed754608b18dcf78ac62c40dbcc6a94692"
    dependencies:
      "@web-std/blob" "^3.0.3"
  
  "@web-std/form-data@^3.0.0", "@web-std/form-data@^3.0.2":
    version "3.0.2"
    resolved "https://registry.npmmirror.com/@web-std/form-data/-/form-data-3.0.2.tgz#c71d9def6a593138ea92fe3d1ffbce19f43e869c"
    dependencies:
      web-encoding "1.1.5"
  
  "@web-std/stream@1.0.0":
    version "1.0.0"
    resolved "https://registry.npmmirror.com/@web-std/stream/-/stream-1.0.0.tgz#01066f40f536e4329d9b696dc29872f3a14b93c1"
    dependencies:
      web-streams-polyfill "^3.1.1"
  
  "@web3-storage/multipart-parser@^1.0.0":
    version "1.0.0"
    resolved "https://registry.npmmirror.com/@web3-storage/multipart-parser/-/multipart-parser-1.0.0.tgz#6b69dc2a32a5b207ba43e556c25cc136a56659c4"
  
  "@zxing/text-encoding@0.9.0":
    version "0.9.0"
    resolved "https://registry.npmmirror.com/@zxing/text-encoding/-/text-encoding-0.9.0.tgz#fb50ffabc6c7c66a0c96b4c03e3d9be74864b70b"
  
  abort-controller@^3.0.0:
    version "3.0.0"
    resolved "https://registry.npmmirror.com/abort-controller/-/abort-controller-3.0.0.tgz#eaf54d53b62bae4138e809ca225c8439a6efb392"
    dependencies:
      event-target-shim "^5.0.0"
  
  ansi-styles@^3.2.1:
    version "3.2.1"
    resolved "https://registry.npmmirror.com/ansi-styles/-/ansi-styles-3.2.1.tgz#41fbb20243e50b12be0f04b8dedbf07520ce841d"
    dependencies:
      color-convert "^1.9.0"
  
  any-signal@^2.1.2:
    version "2.1.2"
    resolved "https://registry.npmmirror.com/any-signal/-/any-signal-2.1.2.tgz#8d48270de0605f8b218cf9abe8e9c6a0e7418102"
    dependencies:
      abort-controller "^3.0.0"
      native-abort-controller "^1.0.3"
  
  any-signal@^3.0.0:
    version "3.0.1"
    resolved "https://registry.npmmirror.com/any-signal/-/any-signal-3.0.1.tgz#49cae34368187a3472e31de28fb5cb1430caa9a6"
  
  arrify@^1.0.1:
    version "1.0.1"
    resolved "https://registry.npmmirror.com/arrify/-/arrify-1.0.1.tgz#898508da2226f380df904728456849c1501a4b0d"
  
  available-typed-arrays@^1.0.5:
    version "1.0.5"
    resolved "https://registry.npmmirror.com/available-typed-arrays/-/available-typed-arrays-1.0.5.tgz#92f95616501069d07d10edb2fc37d3e1c65123b7"
  
  balanced-match@^1.0.0:
    version "1.0.2"
    resolved "https://registry.npmmirror.com/balanced-match/-/balanced-match-1.0.2.tgz#e83e3a7e3f300b34cb9d87f615fa0cbf357690ee"
  
  base64-js@^1.3.1:
    version "1.5.1"
    resolved "https://registry.npmmirror.com/base64-js/-/base64-js-1.5.1.tgz#1b1b440160a5bf7ad40b650f095963481903930a"
  
  bl@^5.0.0:
    version "5.0.0"
    resolved "https://registry.npmmirror.com/bl/-/bl-5.0.0.tgz#6928804a41e9da9034868e1c50ca88f21f57aea2"
    dependencies:
      buffer "^6.0.3"
      inherits "^2.0.4"
      readable-stream "^3.4.0"
  
  blob-to-it@^1.0.1:
    version "1.0.4"
    resolved "https://registry.npmmirror.com/blob-to-it/-/blob-to-it-1.0.4.tgz#f6caf7a4e90b7bb9215fa6a318ed6bd8ad9898cb"
    dependencies:
      browser-readablestream-to-it "^1.0.3"
  
  blockstore-core@^1.0.2:
    version "1.0.5"
    resolved "https://registry.npmmirror.com/blockstore-core/-/blockstore-core-1.0.5.tgz#2e34b6a7faae0d4b6c98dc8573c6f998eb457f36"
    dependencies:
      err-code "^3.0.1"
      interface-blockstore "^2.0.2"
      interface-store "^2.0.1"
      it-all "^1.0.4"
      it-drain "^1.0.4"
      it-filter "^1.0.2"
      it-take "^1.0.1"
      multiformats "^9.4.7"
  
  brace-expansion@^1.1.7:
    version "1.1.11"
    resolved "https://registry.npmmirror.com/brace-expansion/-/brace-expansion-1.1.11.tgz#3c7fcbf529d87226f3d2f52b966ff5271eb441dd"
    dependencies:
      balanced-match "^1.0.0"
      concat-map "0.0.1"
  
  browser-readablestream-to-it@^1.0.1, browser-readablestream-to-it@^1.0.2, browser-readablestream-to-it@^1.0.3:
    version "1.0.3"
    resolved "https://registry.npmmirror.com/browser-readablestream-to-it/-/browser-readablestream-to-it-1.0.3.tgz#ac3e406c7ee6cdf0a502dd55db33bab97f7fba76"
  
  buffer@^6.0.1, buffer@^6.0.3:
    version "6.0.3"
    resolved "https://registry.npmmirror.com/buffer/-/buffer-6.0.3.tgz#2ace578459cc8fbe2a70aaa8f52ee63b6a74c6c6"
    dependencies:
      base64-js "^1.3.1"
      ieee754 "^1.2.1"
  
  call-bind@^1.0.0, call-bind@^1.0.2:
    version "1.0.2"
    resolved "https://registry.npmmirror.com/call-bind/-/call-bind-1.0.2.tgz#b1d4e89e688119c3c9a903ad30abb2f6a919be3c"
    dependencies:
      function-bind "^1.1.1"
      get-intrinsic "^1.0.2"
  
  camelcase-keys@^6.2.2:
    version "6.2.2"
    resolved "https://registry.npmmirror.com/camelcase-keys/-/camelcase-keys-6.2.2.tgz#5e755d6ba51aa223ec7d3d52f25778210f9dc3c0"
    dependencies:
      camelcase "^5.3.1"
      map-obj "^4.0.0"
      quick-lru "^4.0.1"
  
  camelcase@^5.3.1:
    version "5.3.1"
    resolved "https://registry.npmmirror.com/camelcase/-/camelcase-5.3.1.tgz#e3c9b31569e106811df242f715725a1f4c494320"
  
  carbites@^1.0.6:
    version "1.0.6"
    resolved "https://registry.npmmirror.com/carbites/-/carbites-1.0.6.tgz#0eac206c87b60e09b758a4e820af000dda4f8dd1"
    dependencies:
      "@ipld/car" "^3.0.1"
      "@ipld/dag-cbor" "^6.0.3"
      "@ipld/dag-pb" "^2.0.2"
      multiformats "^9.0.4"
  
  cborg@^1.5.4, cborg@^1.6.0:
    version "1.9.4"
    resolved "https://registry.npmmirror.com/cborg/-/cborg-1.9.4.tgz#85354ee6e0fe017dd34e300c3dcd044407a27800"
  
  chalk@^2.0.0:
    version "2.4.2"
    resolved "https://registry.npmmirror.com/chalk/-/chalk-2.4.2.tgz#cd42541677a54333cf541a49108c1432b44c9424"
    dependencies:
      ansi-styles "^3.2.1"
      escape-string-regexp "^1.0.5"
      supports-color "^5.3.0"
  
  color-convert@^1.9.0:
    version "1.9.3"
    resolved "https://registry.npmmirror.com/color-convert/-/color-convert-1.9.3.tgz#bb71850690e1f136567de629d2d5471deda4c1e8"
    dependencies:
      color-name "1.1.3"
  
  color-name@1.1.3:
    version "1.1.3"
    resolved "https://registry.npmmirror.com/color-name/-/color-name-1.1.3.tgz#a7d0558bd89c42f795dd42328f740831ca53bc25"
  
  concat-map@0.0.1:
    version "0.0.1"
    resolved "https://registry.npmmirror.com/concat-map/-/concat-map-0.0.1.tgz#d8a96bd77fd68df7793a73036a3ba0d5405d477b"
  
  data-uri-to-buffer@^3.0.1:
    version "3.0.1"
    resolved "https://registry.npmmirror.com/data-uri-to-buffer/-/data-uri-to-buffer-3.0.1.tgz#594b8973938c5bc2c33046535785341abc4f3636"
  
  debug@^4.1.1, debug@^4.3.1:
    version "4.3.4"
    resolved "https://registry.npmmirror.com/debug/-/debug-4.3.4.tgz#1319f6579357f2338d3337d2cdd4914bb5dcc865"
    dependencies:
      ms "2.1.2"
  
  decamelize-keys@^1.1.0:
    version "1.1.0"
    resolved "https://registry.npmmirror.com/decamelize-keys/-/decamelize-keys-1.1.0.tgz#d171a87933252807eb3cb61dc1c1445d078df2d9"
    dependencies:
      decamelize "^1.1.0"
      map-obj "^1.0.0"
  
  decamelize@^1.1.0, decamelize@^1.2.0:
    version "1.2.0"
    resolved "https://registry.npmmirror.com/decamelize/-/decamelize-1.2.0.tgz#f6534d15148269b20352e7bee26f501f9a191290"
  
  define-properties@^1.1.3, define-properties@^1.1.4:
    version "1.1.4"
    resolved "https://registry.npmmirror.com/define-properties/-/define-properties-1.1.4.tgz#0b14d7bd7fbeb2f3572c3a7eda80ea5d57fb05b1"
    dependencies:
      has-property-descriptors "^1.0.0"
      object-keys "^1.1.1"
  
  dns-over-http-resolver@^1.2.3:
    version "1.2.3"
    resolved "https://registry.npmmirror.com/dns-over-http-resolver/-/dns-over-http-resolver-1.2.3.tgz#194d5e140a42153f55bb79ac5a64dd2768c36af9"
    dependencies:
      debug "^4.3.1"
      native-fetch "^3.0.0"
      receptacle "^1.3.2"
  
  electron-fetch@^1.7.2:
    version "1.7.4"
    resolved "https://registry.npmmirror.com/electron-fetch/-/electron-fetch-1.7.4.tgz#af975ab92a14798bfaa025f88dcd2e54a7b0b769"
    dependencies:
      encoding "^0.1.13"
  
  encoding@^0.1.13:
    version "0.1.13"
    resolved "https://registry.npmmirror.com/encoding/-/encoding-0.1.13.tgz#56574afdd791f54a8e9b2785c0582a2d26210fa9"
    dependencies:
      iconv-lite "^0.6.2"
  
  err-code@^3.0.1:
    version "3.0.1"
    resolved "https://registry.npmmirror.com/err-code/-/err-code-3.0.1.tgz#a444c7b992705f2b120ee320b09972eef331c920"
  
  error-ex@^1.3.1:
    version "1.3.2"
    resolved "https://registry.npmmirror.com/error-ex/-/error-ex-1.3.2.tgz#b4ac40648107fdcdcfae242f428bea8a14d4f1bf"
    dependencies:
      is-arrayish "^0.2.1"
  
  es-abstract@^1.19.0, es-abstract@^1.19.5, es-abstract@^1.20.0:
    version "1.20.1"
    resolved "https://registry.npmmirror.com/es-abstract/-/es-abstract-1.20.1.tgz#027292cd6ef44bd12b1913b828116f54787d1814"
    dependencies:
      call-bind "^1.0.2"
      es-to-primitive "^1.2.1"
      function-bind "^1.1.1"
      function.prototype.name "^1.1.5"
      get-intrinsic "^1.1.1"
      get-symbol-description "^1.0.0"
      has "^1.0.3"
      has-property-descriptors "^1.0.0"
      has-symbols "^1.0.3"
      internal-slot "^1.0.3"
      is-callable "^1.2.4"
      is-negative-zero "^2.0.2"
      is-regex "^1.1.4"
      is-shared-array-buffer "^1.0.2"
      is-string "^1.0.7"
      is-weakref "^1.0.2"
      object-inspect "^1.12.0"
      object-keys "^1.1.1"
      object.assign "^4.1.2"
      regexp.prototype.flags "^1.4.3"
      string.prototype.trimend "^1.0.5"
      string.prototype.trimstart "^1.0.5"
      unbox-primitive "^1.0.2"
  
  es-to-primitive@^1.2.1:
    version "1.2.1"
    resolved "https://registry.npmmirror.com/es-to-primitive/-/es-to-primitive-1.2.1.tgz#e55cd4c9cdc188bcefb03b366c736323fc5c898a"
    dependencies:
      is-callable "^1.1.4"
      is-date-object "^1.0.1"
      is-symbol "^1.0.2"
  
  escape-string-regexp@^1.0.5:
    version "1.0.5"
    resolved "https://registry.npmmirror.com/escape-string-regexp/-/escape-string-regexp-1.0.5.tgz#1b61c0562190a8dff6ae3bb2cf0200ca130b86d4"
  
  event-target-shim@^5.0.0:
    version "5.0.1"
    resolved "https://registry.npmmirror.com/event-target-shim/-/event-target-shim-5.0.1.tgz#5d4d3ebdf9583d63a5333ce2deb7480ab2b05789"
  
  fast-fifo@^1.0.0:
    version "1.1.0"
    resolved "https://registry.npmmirror.com/fast-fifo/-/fast-fifo-1.1.0.tgz#17d1a3646880b9891dfa0c54e69c5fef33cad779"
  
  find-up@^4.1.0:
    version "4.1.0"
    resolved "https://registry.npmmirror.com/find-up/-/find-up-4.1.0.tgz#97afe7d6cdc0bc5928584b7c8d7b16e8a9aa5d19"
    dependencies:
      locate-path "^5.0.0"
      path-exists "^4.0.0"
  
  for-each@^0.3.3:
    version "0.3.3"
    resolved "https://registry.npmmirror.com/for-each/-/for-each-0.3.3.tgz#69b447e88a0a5d32c3e7084f3f1710034b21376e"
    dependencies:
      is-callable "^1.1.3"
  
  function-bind@^1.1.1:
    version "1.1.1"
    resolved "https://registry.npmmirror.com/function-bind/-/function-bind-1.1.1.tgz#a56899d3ea3c9bab874bb9773b7c5ede92f4895d"
  
  function.prototype.name@^1.1.5:
    version "1.1.5"
    resolved "https://registry.npmmirror.com/function.prototype.name/-/function.prototype.name-1.1.5.tgz#cce0505fe1ffb80503e6f9e46cc64e46a12a9621"
    dependencies:
      call-bind "^1.0.2"
      define-properties "^1.1.3"
      es-abstract "^1.19.0"
      functions-have-names "^1.2.2"
  
  functions-have-names@^1.2.2:
    version "1.2.3"
    resolved "https://registry.npmmirror.com/functions-have-names/-/functions-have-names-1.2.3.tgz#0404fe4ee2ba2f607f0e0ec3c80bae994133b834"
  
  get-intrinsic@^1.0.2, get-intrinsic@^1.1.0, get-intrinsic@^1.1.1:
    version "1.1.2"
    resolved "https://registry.npmmirror.com/get-intrinsic/-/get-intrinsic-1.1.2.tgz#336975123e05ad0b7ba41f152ee4aadbea6cf598"
    dependencies:
      function-bind "^1.1.1"
      has "^1.0.3"
      has-symbols "^1.0.3"
  
  get-iterator@^1.0.2:
    version "1.0.2"
    resolved "https://registry.npmmirror.com/get-iterator/-/get-iterator-1.0.2.tgz#cd747c02b4c084461fac14f48f6b45a80ed25c82"
  
  get-symbol-description@^1.0.0:
    version "1.0.0"
    resolved "https://registry.npmmirror.com/get-symbol-description/-/get-symbol-description-1.0.0.tgz#7fdb81c900101fbd564dd5f1a30af5aadc1e58d6"
    dependencies:
      call-bind "^1.0.2"
      get-intrinsic "^1.1.1"
  
  hamt-sharding@^2.0.0:
    version "2.0.1"
    resolved "https://registry.npmmirror.com/hamt-sharding/-/hamt-sharding-2.0.1.tgz#f45686d0339e74b03b233bee1bde9587727129b6"
    dependencies:
      sparse-array "^1.3.1"
      uint8arrays "^3.0.0"
  
  hard-rejection@^2.1.0:
    version "2.1.0"
    resolved "https://registry.npmmirror.com/hard-rejection/-/hard-rejection-2.1.0.tgz#1c6eda5c1685c63942766d79bb40ae773cecd883"
  
  has-bigints@^1.0.1, has-bigints@^1.0.2:
    version "1.0.2"
    resolved "https://registry.npmmirror.com/has-bigints/-/has-bigints-1.0.2.tgz#0871bd3e3d51626f6ca0966668ba35d5602d6eaa"
  
  has-flag@^3.0.0:
    version "3.0.0"
    resolved "https://registry.npmmirror.com/has-flag/-/has-flag-3.0.0.tgz#b5d454dc2199ae225699f3467e5a07f3b955bafd"
  
  has-property-descriptors@^1.0.0:
    version "1.0.0"
    resolved "https://registry.npmmirror.com/has-property-descriptors/-/has-property-descriptors-1.0.0.tgz#610708600606d36961ed04c196193b6a607fa861"
    dependencies:
      get-intrinsic "^1.1.1"
  
  has-symbols@^1.0.1, has-symbols@^1.0.2, has-symbols@^1.0.3:
    version "1.0.3"
    resolved "https://registry.npmmirror.com/has-symbols/-/has-symbols-1.0.3.tgz#bb7b2c4349251dce87b125f7bdf874aa7c8b39f8"
  
  has-tostringtag@^1.0.0:
    version "1.0.0"
    resolved "https://registry.npmmirror.com/has-tostringtag/-/has-tostringtag-1.0.0.tgz#7e133818a7d394734f941e73c3d3f9291e658b25"
    dependencies:
      has-symbols "^1.0.2"
  
  has@^1.0.3:
    version "1.0.3"
    resolved "https://registry.npmmirror.com/has/-/has-1.0.3.tgz#722d7cbfc1f6aa8241f16dd814e011e1f41e8796"
    dependencies:
      function-bind "^1.1.1"
  
  hosted-git-info@^2.1.4:
    version "2.8.9"
    resolved "https://registry.npmmirror.com/hosted-git-info/-/hosted-git-info-2.8.9.tgz#dffc0bf9a21c02209090f2aa69429e1414daf3f9"
  
  hosted-git-info@^4.0.1:
    version "4.1.0"
    resolved "https://registry.npmmirror.com/hosted-git-info/-/hosted-git-info-4.1.0.tgz#827b82867e9ff1c8d0c4d9d53880397d2c86d224"
    dependencies:
      lru-cache "^6.0.0"
  
  iconv-lite@^0.6.2:
    version "0.6.3"
    resolved "https://registry.npmmirror.com/iconv-lite/-/iconv-lite-0.6.3.tgz#a52f80bf38da1952eb5c681790719871a1a72501"
    dependencies:
      safer-buffer ">= 2.1.2 < 3.0.0"
  
  idb-keyval@^6.0.3:
    version "6.1.0"
    resolved "https://registry.npmmirror.com/idb-keyval/-/idb-keyval-6.1.0.tgz#e659cff41188e6097d7fadd69926f6adbbe70041"
    dependencies:
      safari-14-idb-fix "^3.0.0"
  
  ieee754@^1.2.1:
    version "1.2.1"
    resolved "https://registry.npmmirror.com/ieee754/-/ieee754-1.2.1.tgz#8eb7a10a63fff25d15a57b001586d177d1b0d352"
  
  indent-string@^4.0.0:
    version "4.0.0"
    resolved "https://registry.npmmirror.com/indent-string/-/indent-string-4.0.0.tgz#624f8f4497d619b2d9768531d58f4122854d7251"
  
  inherits@^2.0.3, inherits@^2.0.4:
    version "2.0.4"
    resolved "https://registry.npmmirror.com/inherits/-/inherits-2.0.4.tgz#0fa2c64f932917c3433a0ded55363aae37416b7c"
  
  interface-blockstore@^2.0.2, interface-blockstore@^2.0.3:
    version "2.0.3"
    resolved "https://registry.npmmirror.com/interface-blockstore/-/interface-blockstore-2.0.3.tgz#b85270eb5180e65e46c9f66980a0fa4d98f5d73e"
    dependencies:
      interface-store "^2.0.2"
      multiformats "^9.0.4"
  
  interface-datastore@^6.0.2:
    version "6.1.0"
    resolved "https://registry.npmmirror.com/interface-datastore/-/interface-datastore-6.1.0.tgz#e8c4821c50c1b708d07d0ee06a77ecca8c2dd79b"
    dependencies:
      interface-store "^2.0.1"
      nanoid "^3.0.2"
      uint8arrays "^3.0.0"
  
  interface-store@^2.0.1, interface-store@^2.0.2:
    version "2.0.2"
    resolved "https://registry.npmmirror.com/interface-store/-/interface-store-2.0.2.tgz#83175fd2b0c501585ed96db54bb8ba9d55fce34c"
  
  internal-slot@^1.0.3:
    version "1.0.3"
    resolved "https://registry.npmmirror.com/internal-slot/-/internal-slot-1.0.3.tgz#7347e307deeea2faac2ac6205d4bc7d34967f59c"
    dependencies:
      get-intrinsic "^1.1.0"
      has "^1.0.3"
      side-channel "^1.0.4"
  
  ip-regex@^4.0.0:
    version "4.3.0"
    resolved "https://registry.npmmirror.com/ip-regex/-/ip-regex-4.3.0.tgz#687275ab0f57fa76978ff8f4dddc8a23d5990db5"
  
  ipfs-car@^0.6.2:
    version "0.6.2"
    resolved "https://registry.npmmirror.com/ipfs-car/-/ipfs-car-0.6.2.tgz#ec645cebe29056344abb3545e4e2e99788a4405c"
    dependencies:
      "@ipld/car" "^3.2.3"
      "@web-std/blob" "^3.0.1"
      bl "^5.0.0"
      blockstore-core "^1.0.2"
      browser-readablestream-to-it "^1.0.2"
      idb-keyval "^6.0.3"
      interface-blockstore "^2.0.2"
      ipfs-core-types "^0.8.3"
      ipfs-core-utils "^0.12.1"
      ipfs-unixfs-exporter "^7.0.4"
      ipfs-unixfs-importer "^9.0.4"
      ipfs-utils "^9.0.2"
      it-all "^1.0.5"
      it-last "^1.0.5"
      it-pipe "^1.1.0"
      meow "^9.0.0"
      move-file "^2.1.0"
      multiformats "^9.6.3"
      stream-to-it "^0.2.3"
      streaming-iterables "^6.0.0"
      uint8arrays "^3.0.0"
  
  ipfs-core-types@^0.8.3, ipfs-core-types@^0.8.4:
    version "0.8.4"
    resolved "https://registry.npmmirror.com/ipfs-core-types/-/ipfs-core-types-0.8.4.tgz#4d483dc6035714ea48a0b02e3f82b6c6d55c8525"
    dependencies:
      interface-datastore "^6.0.2"
      multiaddr "^10.0.0"
      multiformats "^9.4.13"
  
  ipfs-core-utils@^0.12.1:
    version "0.12.2"
    resolved "https://registry.npmmirror.com/ipfs-core-utils/-/ipfs-core-utils-0.12.2.tgz#f5365ac884fd93a3bcb6e7b6f17cebe09d841501"
    dependencies:
      any-signal "^2.1.2"
      blob-to-it "^1.0.1"
      browser-readablestream-to-it "^1.0.1"
      debug "^4.1.1"
      err-code "^3.0.1"
      ipfs-core-types "^0.8.4"
      ipfs-unixfs "^6.0.3"
      ipfs-utils "^9.0.2"
      it-all "^1.0.4"
      it-map "^1.0.4"
      it-peekable "^1.0.2"
      it-to-stream "^1.0.0"
      merge-options "^3.0.4"
      multiaddr "^10.0.0"
      multiaddr-to-uri "^8.0.0"
      multiformats "^9.4.13"
      nanoid "^3.1.23"
      parse-duration "^1.0.0"
      timeout-abort-controller "^1.1.1"
      uint8arrays "^3.0.0"
  
  ipfs-unixfs-exporter@^7.0.4:
    version "7.0.11"
    resolved "https://registry.npmmirror.com/ipfs-unixfs-exporter/-/ipfs-unixfs-exporter-7.0.11.tgz#48c4c7605601bddc27cf1de97a2ad81a87e5fe32"
    dependencies:
      "@ipld/dag-cbor" "^7.0.2"
      "@ipld/dag-pb" "^2.0.2"
      "@multiformats/murmur3" "^1.0.3"
      err-code "^3.0.1"
      hamt-sharding "^2.0.0"
      interface-blockstore "^2.0.3"
      ipfs-unixfs "^6.0.0"
      it-last "^1.0.5"
      multiformats "^9.4.2"
      uint8arrays "^3.0.0"
  
  ipfs-unixfs-importer@^9.0.4:
    version "9.0.10"
    resolved "https://registry.npmmirror.com/ipfs-unixfs-importer/-/ipfs-unixfs-importer-9.0.10.tgz#2527ea0b4e018a9e80fa981101485babcd05c494"
    dependencies:
      "@ipld/dag-pb" "^2.0.2"
      "@multiformats/murmur3" "^1.0.3"
      bl "^5.0.0"
      err-code "^3.0.1"
      hamt-sharding "^2.0.0"
      interface-blockstore "^2.0.3"
      ipfs-unixfs "^6.0.0"
      it-all "^1.0.5"
      it-batch "^1.0.8"
      it-first "^1.0.6"
      it-parallel-batch "^1.0.9"
      merge-options "^3.0.4"
      multiformats "^9.4.2"
      rabin-wasm "^0.1.4"
      uint8arrays "^3.0.0"
  
  ipfs-unixfs@^6.0.0, ipfs-unixfs@^6.0.3:
    version "6.0.9"
    resolved "https://registry.npmmirror.com/ipfs-unixfs/-/ipfs-unixfs-6.0.9.tgz#f6613b8e081d83faa43ed96e016a694c615a9374"
    dependencies:
      err-code "^3.0.1"
      protobufjs "^6.10.2"
  
  ipfs-utils@^9.0.2:
    version "9.0.6"
    resolved "https://registry.npmmirror.com/ipfs-utils/-/ipfs-utils-9.0.6.tgz#b7657b8be101e0bb64402aeb631c64168075a5e4"
    dependencies:
      any-signal "^3.0.0"
      buffer "^6.0.1"
      electron-fetch "^1.7.2"
      err-code "^3.0.1"
      is-electron "^2.2.0"
      iso-url "^1.1.5"
      it-glob "^1.0.1"
      it-to-stream "^1.0.0"
      merge-options "^3.0.4"
      nanoid "^3.1.20"
      native-fetch "^3.0.0"
      node-fetch "https://registry.npmjs.org/@achingbrain/node-fetch/-/node-fetch-2.6.7.tgz"
      react-native-fetch-api "^2.0.0"
      stream-to-it "^0.2.2"
  
  is-arguments@^1.0.4:
    version "1.1.1"
    resolved "https://registry.npmmirror.com/is-arguments/-/is-arguments-1.1.1.tgz#15b3f88fda01f2a97fec84ca761a560f123efa9b"
    dependencies:
      call-bind "^1.0.2"
      has-tostringtag "^1.0.0"
  
  is-arrayish@^0.2.1:
    version "0.2.1"
    resolved "https://registry.npmmirror.com/is-arrayish/-/is-arrayish-0.2.1.tgz#77c99840527aa8ecb1a8ba697b80645a7a926a9d"
  
  is-bigint@^1.0.1:
    version "1.0.4"
    resolved "https://registry.npmmirror.com/is-bigint/-/is-bigint-1.0.4.tgz#08147a1875bc2b32005d41ccd8291dffc6691df3"
    dependencies:
      has-bigints "^1.0.1"
  
  is-boolean-object@^1.1.0:
    version "1.1.2"
    resolved "https://registry.npmmirror.com/is-boolean-object/-/is-boolean-object-1.1.2.tgz#5c6dc200246dd9321ae4b885a114bb1f75f63719"
    dependencies:
      call-bind "^1.0.2"
      has-tostringtag "^1.0.0"
  
  is-callable@^1.1.3, is-callable@^1.1.4, is-callable@^1.2.4:
    version "1.2.4"
    resolved "https://registry.npmmirror.com/is-callable/-/is-callable-1.2.4.tgz#47301d58dd0259407865547853df6d61fe471945"
  
  is-core-module@^2.5.0, is-core-module@^2.8.1:
    version "2.9.0"
    resolved "https://registry.npmmirror.com/is-core-module/-/is-core-module-2.9.0.tgz#e1c34429cd51c6dd9e09e0799e396e27b19a9c69"
    dependencies:
      has "^1.0.3"
  
  is-date-object@^1.0.1:
    version "1.0.5"
    resolved "https://registry.npmmirror.com/is-date-object/-/is-date-object-1.0.5.tgz#0841d5536e724c25597bf6ea62e1bd38298df31f"
    dependencies:
      has-tostringtag "^1.0.0"
  
  is-electron@^2.2.0:
    version "2.2.1"
    resolved "https://registry.npmmirror.com/is-electron/-/is-electron-2.2.1.tgz#751b1dd8a74907422faa5c35aaa0cf66d98086e9"
  
  is-generator-function@^1.0.7:
    version "1.0.10"
    resolved "https://registry.npmmirror.com/is-generator-function/-/is-generator-function-1.0.10.tgz#f1558baf1ac17e0deea7c0415c438351ff2b3c72"
    dependencies:
      has-tostringtag "^1.0.0"
  
  is-ip@^3.1.0:
    version "3.1.0"
    resolved "https://registry.npmmirror.com/is-ip/-/is-ip-3.1.0.tgz#2ae5ddfafaf05cb8008a62093cf29734f657c5d8"
    dependencies:
      ip-regex "^4.0.0"
  
  is-negative-zero@^2.0.2:
    version "2.0.2"
    resolved "https://registry.npmmirror.com/is-negative-zero/-/is-negative-zero-2.0.2.tgz#7bf6f03a28003b8b3965de3ac26f664d765f3150"
  
  is-number-object@^1.0.4:
    version "1.0.7"
    resolved "https://registry.npmmirror.com/is-number-object/-/is-number-object-1.0.7.tgz#59d50ada4c45251784e9904f5246c742f07a42fc"
    dependencies:
      has-tostringtag "^1.0.0"
  
  is-plain-obj@^1.1.0:
    version "1.1.0"
    resolved "https://registry.npmmirror.com/is-plain-obj/-/is-plain-obj-1.1.0.tgz#71a50c8429dfca773c92a390a4a03b39fcd51d3e"
  
  is-plain-obj@^2.1.0:
    version "2.1.0"
    resolved "https://registry.npmmirror.com/is-plain-obj/-/is-plain-obj-2.1.0.tgz#45e42e37fccf1f40da8e5f76ee21515840c09287"
  
  is-regex@^1.1.4:
    version "1.1.4"
    resolved "https://registry.npmmirror.com/is-regex/-/is-regex-1.1.4.tgz#eef5663cd59fa4c0ae339505323df6854bb15958"
    dependencies:
      call-bind "^1.0.2"
      has-tostringtag "^1.0.0"
  
  is-shared-array-buffer@^1.0.2:
    version "1.0.2"
    resolved "https://registry.npmmirror.com/is-shared-array-buffer/-/is-shared-array-buffer-1.0.2.tgz#8f259c573b60b6a32d4058a1a07430c0a7344c79"
    dependencies:
      call-bind "^1.0.2"
  
  is-string@^1.0.5, is-string@^1.0.7:
    version "1.0.7"
    resolved "https://registry.npmmirror.com/is-string/-/is-string-1.0.7.tgz#0dd12bf2006f255bb58f695110eff7491eebc0fd"
    dependencies:
      has-tostringtag "^1.0.0"
  
  is-symbol@^1.0.2, is-symbol@^1.0.3:
    version "1.0.4"
    resolved "https://registry.npmmirror.com/is-symbol/-/is-symbol-1.0.4.tgz#a6dac93b635b063ca6872236de88910a57af139c"
    dependencies:
      has-symbols "^1.0.2"
  
  is-typed-array@^1.1.3, is-typed-array@^1.1.9:
    version "1.1.9"
    resolved "https://registry.npmmirror.com/is-typed-array/-/is-typed-array-1.1.9.tgz#246d77d2871e7d9f5aeb1d54b9f52c71329ece67"
    dependencies:
      available-typed-arrays "^1.0.5"
      call-bind "^1.0.2"
      es-abstract "^1.20.0"
      for-each "^0.3.3"
      has-tostringtag "^1.0.0"
  
  is-weakref@^1.0.2:
    version "1.0.2"
    resolved "https://registry.npmmirror.com/is-weakref/-/is-weakref-1.0.2.tgz#9529f383a9338205e89765e0392efc2f100f06f2"
    dependencies:
      call-bind "^1.0.2"
  
  iso-url@^1.1.5:
    version "1.2.1"
    resolved "https://registry.npmmirror.com/iso-url/-/iso-url-1.2.1.tgz#db96a49d8d9a64a1c889fc07cc525d093afb1811"
  
  it-all@^1.0.4, it-all@^1.0.5:
    version "1.0.6"
    resolved "https://registry.npmmirror.com/it-all/-/it-all-1.0.6.tgz#852557355367606295c4c3b7eff0136f07749335"
  
  it-batch@^1.0.8, it-batch@^1.0.9:
    version "1.0.9"
    resolved "https://registry.npmmirror.com/it-batch/-/it-batch-1.0.9.tgz#7e95aaacb3f9b1b8ca6c8b8367892171d6a5b37f"
  
  it-drain@^1.0.4:
    version "1.0.5"
    resolved "https://registry.npmmirror.com/it-drain/-/it-drain-1.0.5.tgz#0466d4e286b37bcd32599d4e99b37a87cb8cfdf6"
  
  it-filter@^1.0.2:
    version "1.0.3"
    resolved "https://registry.npmmirror.com/it-filter/-/it-filter-1.0.3.tgz#66ea0cc4bf84af71bebd353c05a9c5735fcba751"
  
  it-first@^1.0.6:
    version "1.0.7"
    resolved "https://registry.npmmirror.com/it-first/-/it-first-1.0.7.tgz#a4bef40da8be21667f7d23e44dae652f5ccd7ab1"
  
  it-glob@^1.0.1:
    version "1.0.2"
    resolved "https://registry.npmmirror.com/it-glob/-/it-glob-1.0.2.tgz#bab9b04d6aaac42884502f3a0bfee84c7a29e15e"
    dependencies:
      "@types/minimatch" "^3.0.4"
      minimatch "^3.0.4"
  
  it-last@^1.0.5:
    version "1.0.6"
    resolved "https://registry.npmmirror.com/it-last/-/it-last-1.0.6.tgz#4106232e5905ec11e16de15a0e9f7037eaecfc45"
  
  it-map@^1.0.4:
    version "1.0.6"
    resolved "https://registry.npmmirror.com/it-map/-/it-map-1.0.6.tgz#6aa547e363eedcf8d4f69d8484b450bc13c9882c"
  
  it-parallel-batch@^1.0.9:
    version "1.0.10"
    resolved "https://registry.npmmirror.com/it-parallel-batch/-/it-parallel-batch-1.0.10.tgz#43aa348e30cc360fa6bedc183b631d6f9c81e20e"
    dependencies:
      it-batch "^1.0.9"
  
  it-peekable@^1.0.2:
    version "1.0.3"
    resolved "https://registry.npmmirror.com/it-peekable/-/it-peekable-1.0.3.tgz#8ebe933767d9c5aa0ae4ef8e9cb3a47389bced8c"
  
  it-pipe@^1.1.0:
    version "1.1.0"
    resolved "https://registry.npmmirror.com/it-pipe/-/it-pipe-1.1.0.tgz#f5964c6bb785dd776f11a62d1e75964787ab95ce"
  
  it-take@^1.0.1:
    version "1.0.2"
    resolved "https://registry.npmmirror.com/it-take/-/it-take-1.0.2.tgz#b5f1570014db7c3454897898b69bb7ac9c3bffc1"
  
  it-to-stream@^1.0.0:
    version "1.0.0"
    resolved "https://registry.npmmirror.com/it-to-stream/-/it-to-stream-1.0.0.tgz#6c47f91d5b5df28bda9334c52782ef8e97fe3a4a"
    dependencies:
      buffer "^6.0.3"
      fast-fifo "^1.0.0"
      get-iterator "^1.0.2"
      p-defer "^3.0.0"
      p-fifo "^1.0.0"
      readable-stream "^3.6.0"
  
  js-tokens@^4.0.0:
    version "4.0.0"
    resolved "https://registry.npmmirror.com/js-tokens/-/js-tokens-4.0.0.tgz#19203fb59991df98e3a287050d4647cdeaf32499"
  
  json-parse-even-better-errors@^2.3.0:
    version "2.3.1"
    resolved "https://registry.npmmirror.com/json-parse-even-better-errors/-/json-parse-even-better-errors-2.3.1.tgz#7c47805a94319928e05777405dc12e1f7a4ee02d"
  
  kind-of@^6.0.3:
    version "6.0.3"
    resolved "https://registry.npmmirror.com/kind-of/-/kind-of-6.0.3.tgz#07c05034a6c349fa06e24fa35aa76db4580ce4dd"
  
  lines-and-columns@^1.1.6:
    version "1.2.4"
    resolved "https://registry.npmmirror.com/lines-and-columns/-/lines-and-columns-1.2.4.tgz#eca284f75d2965079309dc0ad9255abb2ebc1632"
  
  locate-path@^5.0.0:
    version "5.0.0"
    resolved "https://registry.npmmirror.com/locate-path/-/locate-path-5.0.0.tgz#1afba396afd676a6d42504d0a67a3a7eb9f62aa0"
    dependencies:
      p-locate "^4.1.0"
  
  long@^4.0.0:
    version "4.0.0"
    resolved "https://registry.npmmirror.com/long/-/long-4.0.0.tgz#9a7b71cfb7d361a194ea555241c92f7468d5bf28"
  
  lru-cache@^6.0.0:
    version "6.0.0"
    resolved "https://registry.npmmirror.com/lru-cache/-/lru-cache-6.0.0.tgz#6d6fe6570ebd96aaf90fcad1dafa3b2566db3a94"
    dependencies:
      yallist "^4.0.0"
  
  map-obj@^1.0.0:
    version "1.0.1"
    resolved "https://registry.npmmirror.com/map-obj/-/map-obj-1.0.1.tgz#d933ceb9205d82bdcf4886f6742bdc2b4dea146d"
  
  map-obj@^4.0.0:
    version "4.3.0"
    resolved "https://registry.npmmirror.com/map-obj/-/map-obj-4.3.0.tgz#9304f906e93faae70880da102a9f1df0ea8bb05a"
  
  meow@^9.0.0:
    version "9.0.0"
    resolved "https://registry.npmmirror.com/meow/-/meow-9.0.0.tgz#cd9510bc5cac9dee7d03c73ee1f9ad959f4ea364"
    dependencies:
      "@types/minimist" "^1.2.0"
      camelcase-keys "^6.2.2"
      decamelize "^1.2.0"
      decamelize-keys "^1.1.0"
      hard-rejection "^2.1.0"
      minimist-options "4.1.0"
      normalize-package-data "^3.0.0"
      read-pkg-up "^7.0.1"
      redent "^3.0.0"
      trim-newlines "^3.0.0"
      type-fest "^0.18.0"
      yargs-parser "^20.2.3"
  
  merge-options@^3.0.4:
    version "3.0.4"
    resolved "https://registry.npmmirror.com/merge-options/-/merge-options-3.0.4.tgz#84709c2aa2a4b24c1981f66c179fe5565cc6dbb7"
    dependencies:
      is-plain-obj "^2.1.0"
  
  min-indent@^1.0.0:
    version "1.0.1"
    resolved "https://registry.npmmirror.com/min-indent/-/min-indent-1.0.1.tgz#a63f681673b30571fbe8bc25686ae746eefa9869"
  
  minimatch@^3.0.4:
    version "3.1.2"
    resolved "https://registry.npmmirror.com/minimatch/-/minimatch-3.1.2.tgz#19cd194bfd3e428f049a70817c038d89ab4be35b"
    dependencies:
      brace-expansion "^1.1.7"
  
  minimist-options@4.1.0:
    version "4.1.0"
    resolved "https://registry.npmmirror.com/minimist-options/-/minimist-options-4.1.0.tgz#c0655713c53a8a2ebd77ffa247d342c40f010619"
    dependencies:
      arrify "^1.0.1"
      is-plain-obj "^1.1.0"
      kind-of "^6.0.3"
  
  minimist@^1.2.5:
    version "1.2.6"
    resolved "https://registry.npmmirror.com/minimist/-/minimist-1.2.6.tgz#8637a5b759ea0d6e98702cfb3a9283323c93af44"
  
  move-file@^2.1.0:
    version "2.1.0"
    resolved "https://registry.npmmirror.com/move-file/-/move-file-2.1.0.tgz#3bec9d34fbe4832df6865f112cda4492b56e8507"
    dependencies:
      path-exists "^4.0.0"
  
  ms@2.1.2:
    version "2.1.2"
    resolved "https://registry.npmmirror.com/ms/-/ms-2.1.2.tgz#d09d1f357b443f493382a8eb3ccd183872ae6009"
  
  ms@^2.1.1:
    version "2.1.3"
    resolved "https://registry.npmmirror.com/ms/-/ms-2.1.3.tgz#574c8138ce1d2b5861f0b44579dbadd60c6615b2"
  
  multiaddr-to-uri@^8.0.0:
    version "8.0.0"
    resolved "https://registry.npmmirror.com/multiaddr-to-uri/-/multiaddr-to-uri-8.0.0.tgz#65efe4b1f9de5f6b681aa42ff36a7c8db7625e58"
    dependencies:
      multiaddr "^10.0.0"
  
  multiaddr@^10.0.0:
    version "10.0.1"
    resolved "https://registry.npmmirror.com/multiaddr/-/multiaddr-10.0.1.tgz#0d15848871370860a4d266bb44d93b3dac5d90ef"
    dependencies:
      dns-over-http-resolver "^1.2.3"
      err-code "^3.0.1"
      is-ip "^3.1.0"
      multiformats "^9.4.5"
      uint8arrays "^3.0.0"
      varint "^6.0.0"
  
  multiformats@^9.0.4, multiformats@^9.4.13, multiformats@^9.4.2, multiformats@^9.4.5, multiformats@^9.4.7, multiformats@^9.5.4, multiformats@^9.6.3, multiformats@^9.6.4:
    version "9.6.5"
    resolved "https://registry.npmmirror.com/multiformats/-/multiformats-9.6.5.tgz#f2d894a26664b454a90abf5a8911b7e39195db80"
  
  murmurhash3js-revisited@^3.0.0:
    version "3.0.0"
    resolved "https://registry.npmmirror.com/murmurhash3js-revisited/-/murmurhash3js-revisited-3.0.0.tgz#6bd36e25de8f73394222adc6e41fa3fac08a5869"
  
  nanoid@^3.0.2, nanoid@^3.1.20, nanoid@^3.1.23:
    version "3.3.4"
    resolved "https://registry.npmmirror.com/nanoid/-/nanoid-3.3.4.tgz#730b67e3cd09e2deacf03c027c81c9d9dbc5e8ab"
  
  native-abort-controller@^1.0.3:
    version "1.0.4"
    resolved "https://registry.npmmirror.com/native-abort-controller/-/native-abort-controller-1.0.4.tgz#39920155cc0c18209ff93af5bc90be856143f251"
  
  native-fetch@^3.0.0:
    version "3.0.0"
    resolved "https://registry.npmmirror.com/native-fetch/-/native-fetch-3.0.0.tgz#06ccdd70e79e171c365c75117959cf4fe14a09bb"
  
  nft.storage@^6.3.0:
    version "6.3.0"
    resolved "https://registry.npmmirror.com/nft.storage/-/nft.storage-6.3.0.tgz#3413e2e2b8a4c6461a6b27f385ee650458551d2c"
    dependencies:
      "@ipld/car" "^3.2.3"
      "@ipld/dag-cbor" "^6.0.13"
      "@web-std/blob" "^3.0.1"
      "@web-std/fetch" "^3.0.3"
      "@web-std/file" "^3.0.0"
      "@web-std/form-data" "^3.0.0"
      carbites "^1.0.6"
      ipfs-car "^0.6.2"
      multiformats "^9.6.4"
      p-retry "^4.6.1"
      streaming-iterables "^6.0.0"
      throttled-queue "^2.1.2"
  
  node-fetch@^2.6.1:
    version "2.6.7"
    resolved "https://registry.npmmirror.com/node-fetch/-/node-fetch-2.6.7.tgz#24de9fba827e3b4ae44dc8b20256a379160052ad"
    dependencies:
      whatwg-url "^5.0.0"
  
  "node-fetch@https://registry.npmjs.org/@achingbrain/node-fetch/-/node-fetch-2.6.7.tgz":
    version "2.6.7"
    resolved "https://registry.npmjs.org/@achingbrain/node-fetch/-/node-fetch-2.6.7.tgz#1b5d62978f2ed07b99444f64f0df39f960a6d34d"
  
  normalize-package-data@^2.5.0:
    version "2.5.0"
    resolved "https://registry.npmmirror.com/normalize-package-data/-/normalize-package-data-2.5.0.tgz#e66db1838b200c1dfc233225d12cb36520e234a8"
    dependencies:
      hosted-git-info "^2.1.4"
      resolve "^1.10.0"
      semver "2 || 3 || 4 || 5"
      validate-npm-package-license "^3.0.1"
  
  normalize-package-data@^3.0.0:
    version "3.0.3"
    resolved "https://registry.npmmirror.com/normalize-package-data/-/normalize-package-data-3.0.3.tgz#dbcc3e2da59509a0983422884cd172eefdfa525e"
    dependencies:
      hosted-git-info "^4.0.1"
      is-core-module "^2.5.0"
      semver "^7.3.4"
      validate-npm-package-license "^3.0.1"
  
  object-inspect@^1.12.0, object-inspect@^1.9.0:
    version "1.12.2"
    resolved "https://registry.npmmirror.com/object-inspect/-/object-inspect-1.12.2.tgz#c0641f26394532f28ab8d796ab954e43c009a8ea"
  
  object-keys@^1.1.1:
    version "1.1.1"
    resolved "https://registry.npmmirror.com/object-keys/-/object-keys-1.1.1.tgz#1c47f272df277f3b1daf061677d9c82e2322c60e"
  
  object.assign@^4.1.2:
    version "4.1.2"
    resolved "https://registry.npmmirror.com/object.assign/-/object.assign-4.1.2.tgz#0ed54a342eceb37b38ff76eb831a0e788cb63940"
    dependencies:
      call-bind "^1.0.0"
      define-properties "^1.1.3"
      has-symbols "^1.0.1"
      object-keys "^1.1.1"
  
  p-defer@^3.0.0:
    version "3.0.0"
    resolved "https://registry.npmmirror.com/p-defer/-/p-defer-3.0.0.tgz#d1dceb4ee9b2b604b1d94ffec83760175d4e6f83"
  
  p-fifo@^1.0.0:
    version "1.0.0"
    resolved "https://registry.npmmirror.com/p-fifo/-/p-fifo-1.0.0.tgz#e29d5cf17c239ba87f51dde98c1d26a9cfe20a63"
    dependencies:
      fast-fifo "^1.0.0"
      p-defer "^3.0.0"
  
  p-limit@^2.2.0:
    version "2.3.0"
    resolved "https://registry.npmmirror.com/p-limit/-/p-limit-2.3.0.tgz#3dd33c647a214fdfffd835933eb086da0dc21db1"
    dependencies:
      p-try "^2.0.0"
  
  p-locate@^4.1.0:
    version "4.1.0"
    resolved "https://registry.npmmirror.com/p-locate/-/p-locate-4.1.0.tgz#a3428bb7088b3a60292f66919278b7c297ad4f07"
    dependencies:
      p-limit "^2.2.0"
  
  p-retry@^4.6.1:
    version "4.6.2"
    resolved "https://registry.npmmirror.com/p-retry/-/p-retry-4.6.2.tgz#9baae7184057edd4e17231cee04264106e092a16"
    dependencies:
      "@types/retry" "0.12.0"
      retry "^0.13.1"
  
  p-try@^2.0.0:
    version "2.2.0"
    resolved "https://registry.npmmirror.com/p-try/-/p-try-2.2.0.tgz#cb2868540e313d61de58fafbe35ce9004d5540e6"
  
  parse-duration@^1.0.0:
    version "1.0.2"
    resolved "https://registry.npmmirror.com/parse-duration/-/parse-duration-1.0.2.tgz#b9aa7d3a1363cc7e8845bea8fd3baf8a11df5805"
  
  parse-json@^5.0.0:
    version "5.2.0"
    resolved "https://registry.npmmirror.com/parse-json/-/parse-json-5.2.0.tgz#c76fc66dee54231c962b22bcc8a72cf2f99753cd"
    dependencies:
      "@babel/code-frame" "^7.0.0"
      error-ex "^1.3.1"
      json-parse-even-better-errors "^2.3.0"
      lines-and-columns "^1.1.6"
  
  path-exists@^4.0.0:
    version "4.0.0"
    resolved "https://registry.npmmirror.com/path-exists/-/path-exists-4.0.0.tgz#513bdbe2d3b95d7762e8c1137efa195c6c61b5b3"
  
  path-parse@^1.0.7:
    version "1.0.7"
    resolved "https://registry.npmmirror.com/path-parse/-/path-parse-1.0.7.tgz#fbc114b60ca42b30d9daf5858e4bd68bbedb6735"
  
  protobufjs@^6.10.2:
    version "6.11.3"
    resolved "https://registry.npmmirror.com/protobufjs/-/protobufjs-6.11.3.tgz#637a527205a35caa4f3e2a9a4a13ddffe0e7af74"
    dependencies:
      "@protobufjs/aspromise" "^1.1.2"
      "@protobufjs/base64" "^1.1.2"
      "@protobufjs/codegen" "^2.0.4"
      "@protobufjs/eventemitter" "^1.1.0"
      "@protobufjs/fetch" "^1.1.0"
      "@protobufjs/float" "^1.0.2"
      "@protobufjs/inquire" "^1.1.0"
      "@protobufjs/path" "^1.1.2"
      "@protobufjs/pool" "^1.1.0"
      "@protobufjs/utf8" "^1.1.0"
      "@types/long" "^4.0.1"
      "@types/node" ">=13.7.0"
      long "^4.0.0"
  
  quick-lru@^4.0.1:
    version "4.0.1"
    resolved "https://registry.npmmirror.com/quick-lru/-/quick-lru-4.0.1.tgz#5b8878f113a58217848c6482026c73e1ba57727f"
  
  rabin-wasm@^0.1.4:
    version "0.1.5"
    resolved "https://registry.npmmirror.com/rabin-wasm/-/rabin-wasm-0.1.5.tgz#5b625ca007d6a2cbc1456c78ae71d550addbc9c9"
    dependencies:
      "@assemblyscript/loader" "^0.9.4"
      bl "^5.0.0"
      debug "^4.3.1"
      minimist "^1.2.5"
      node-fetch "^2.6.1"
      readable-stream "^3.6.0"
  
  react-native-fetch-api@^2.0.0:
    version "2.0.0"
    resolved "https://registry.npmmirror.com/react-native-fetch-api/-/react-native-fetch-api-2.0.0.tgz#c4af188b4fce3f3eaf1f1ff4e61dae1a00d4ffa0"
    dependencies:
      p-defer "^3.0.0"
  
  read-pkg-up@^7.0.1:
    version "7.0.1"
    resolved "https://registry.npmmirror.com/read-pkg-up/-/read-pkg-up-7.0.1.tgz#f3a6135758459733ae2b95638056e1854e7ef507"
    dependencies:
      find-up "^4.1.0"
      read-pkg "^5.2.0"
      type-fest "^0.8.1"
  
  read-pkg@^5.2.0:
    version "5.2.0"
    resolved "https://registry.npmmirror.com/read-pkg/-/read-pkg-5.2.0.tgz#7bf295438ca5a33e56cd30e053b34ee7250c93cc"
    dependencies:
      "@types/normalize-package-data" "^2.4.0"
      normalize-package-data "^2.5.0"
      parse-json "^5.0.0"
      type-fest "^0.6.0"
  
  readable-stream@^3.4.0, readable-stream@^3.6.0:
    version "3.6.0"
    resolved "https://registry.npmmirror.com/readable-stream/-/readable-stream-3.6.0.tgz#337bbda3adc0706bd3e024426a286d4b4b2c9198"
    dependencies:
      inherits "^2.0.3"
      string_decoder "^1.1.1"
      util-deprecate "^1.0.1"
  
  receptacle@^1.3.2:
    version "1.3.2"
    resolved "https://registry.npmmirror.com/receptacle/-/receptacle-1.3.2.tgz#a7994c7efafc7a01d0e2041839dab6c4951360d2"
    dependencies:
      ms "^2.1.1"
  
  redent@^3.0.0:
    version "3.0.0"
    resolved "https://registry.npmmirror.com/redent/-/redent-3.0.0.tgz#e557b7998316bb53c9f1f56fa626352c6963059f"
    dependencies:
      indent-string "^4.0.0"
      strip-indent "^3.0.0"
  
  regexp.prototype.flags@^1.4.3:
    version "1.4.3"
    resolved "https://registry.npmmirror.com/regexp.prototype.flags/-/regexp.prototype.flags-1.4.3.tgz#87cab30f80f66660181a3bb7bf5981a872b367ac"
    dependencies:
      call-bind "^1.0.2"
      define-properties "^1.1.3"
      functions-have-names "^1.2.2"
  
  resolve@^1.10.0:
    version "1.22.0"
    resolved "https://registry.npmmirror.com/resolve/-/resolve-1.22.0.tgz#5e0b8c67c15df57a89bdbabe603a002f21731198"
    dependencies:
      is-core-module "^2.8.1"
      path-parse "^1.0.7"
      supports-preserve-symlinks-flag "^1.0.0"
  
  retimer@^2.0.0:
    version "2.0.0"
    resolved "https://registry.npmmirror.com/retimer/-/retimer-2.0.0.tgz#e8bd68c5e5a8ec2f49ccb5c636db84c04063bbca"
  
  retry@^0.13.1:
    version "0.13.1"
    resolved "https://registry.npmmirror.com/retry/-/retry-0.13.1.tgz#185b1587acf67919d63b357349e03537b2484658"
  
  safari-14-idb-fix@^3.0.0:
    version "3.0.0"
    resolved "https://registry.npmmirror.com/safari-14-idb-fix/-/safari-14-idb-fix-3.0.0.tgz#450fc049b996ec7f3fd9ca2f89d32e0761583440"
  
  safe-buffer@^5.1.2, safe-buffer@~5.2.0:
    version "5.2.1"
    resolved "https://registry.npmmirror.com/safe-buffer/-/safe-buffer-5.2.1.tgz#1eaf9fa9bdb1fdd4ec75f58f9cdb4e6b7827eec6"
  
  "safer-buffer@>= 2.1.2 < 3.0.0":
    version "2.1.2"
    resolved "https://registry.npmmirror.com/safer-buffer/-/safer-buffer-2.1.2.tgz#44fa161b0187b9549dd84bb91802f9bd8385cd6a"
  
  "semver@2 || 3 || 4 || 5":
    version "5.7.1"
    resolved "https://registry.npmmirror.com/semver/-/semver-5.7.1.tgz#a954f931aeba508d307bbf069eff0c01c96116f7"
  
  semver@^7.3.4:
    version "7.3.7"
    resolved "https://registry.npmmirror.com/semver/-/semver-7.3.7.tgz#12c5b649afdbf9049707796e22a4028814ce523f"
    dependencies:
      lru-cache "^6.0.0"
  
  side-channel@^1.0.4:
    version "1.0.4"
    resolved "https://registry.npmmirror.com/side-channel/-/side-channel-1.0.4.tgz#efce5c8fdc104ee751b25c58d4290011fa5ea2cf"
    dependencies:
      call-bind "^1.0.0"
      get-intrinsic "^1.0.2"
      object-inspect "^1.9.0"
  
  sparse-array@^1.3.1:
    version "1.3.2"
    resolved "https://registry.npmmirror.com/sparse-array/-/sparse-array-1.3.2.tgz#0e1a8b71706d356bc916fe754ff496d450ec20b0"
  
  spdx-correct@^3.0.0:
    version "3.1.1"
    resolved "https://registry.npmmirror.com/spdx-correct/-/spdx-correct-3.1.1.tgz#dece81ac9c1e6713e5f7d1b6f17d468fa53d89a9"
    dependencies:
      spdx-expression-parse "^3.0.0"
      spdx-license-ids "^3.0.0"
  
  spdx-exceptions@^2.1.0:
    version "2.3.0"
    resolved "https://registry.npmmirror.com/spdx-exceptions/-/spdx-exceptions-2.3.0.tgz#3f28ce1a77a00372683eade4a433183527a2163d"
  
  spdx-expression-parse@^3.0.0:
    version "3.0.1"
    resolved "https://registry.npmmirror.com/spdx-expression-parse/-/spdx-expression-parse-3.0.1.tgz#cf70f50482eefdc98e3ce0a6833e4a53ceeba679"
    dependencies:
      spdx-exceptions "^2.1.0"
      spdx-license-ids "^3.0.0"
  
  spdx-license-ids@^3.0.0:
    version "3.0.11"
    resolved "https://registry.npmmirror.com/spdx-license-ids/-/spdx-license-ids-3.0.11.tgz#50c0d8c40a14ec1bf449bae69a0ea4685a9d9f95"
  
  stream-to-it@^0.2.2, stream-to-it@^0.2.3:
    version "0.2.4"
    resolved "https://registry.npmmirror.com/stream-to-it/-/stream-to-it-0.2.4.tgz#d2fd7bfbd4a899b4c0d6a7e6a533723af5749bd0"
    dependencies:
      get-iterator "^1.0.2"
  
  streaming-iterables@^6.0.0:
    version "6.2.0"
    resolved "https://registry.npmmirror.com/streaming-iterables/-/streaming-iterables-6.2.0.tgz#e8079bc56272335b287e2f13274602fbef008e56"
  
  string.prototype.trimend@^1.0.5:
    version "1.0.5"
    resolved "https://registry.npmmirror.com/string.prototype.trimend/-/string.prototype.trimend-1.0.5.tgz#914a65baaab25fbdd4ee291ca7dde57e869cb8d0"
    dependencies:
      call-bind "^1.0.2"
      define-properties "^1.1.4"
      es-abstract "^1.19.5"
  
  string.prototype.trimstart@^1.0.5:
    version "1.0.5"
    resolved "https://registry.npmmirror.com/string.prototype.trimstart/-/string.prototype.trimstart-1.0.5.tgz#5466d93ba58cfa2134839f81d7f42437e8c01fef"
    dependencies:
      call-bind "^1.0.2"
      define-properties "^1.1.4"
      es-abstract "^1.19.5"
  
  string_decoder@^1.1.1:
    version "1.3.0"
    resolved "https://registry.npmmirror.com/string_decoder/-/string_decoder-1.3.0.tgz#42f114594a46cf1a8e30b0a84f56c78c3edac21e"
    dependencies:
      safe-buffer "~5.2.0"
  
  strip-indent@^3.0.0:
    version "3.0.0"
    resolved "https://registry.npmmirror.com/strip-indent/-/strip-indent-3.0.0.tgz#c32e1cee940b6b3432c771bc2c54bcce73cd3001"
    dependencies:
      min-indent "^1.0.0"
  
  supports-color@^5.3.0:
    version "5.5.0"
    resolved "https://registry.npmmirror.com/supports-color/-/supports-color-5.5.0.tgz#e2e69a44ac8772f78a1ec0b35b689df6530efc8f"
    dependencies:
      has-flag "^3.0.0"
  
  supports-preserve-symlinks-flag@^1.0.0:
    version "1.0.0"
    resolved "https://registry.npmmirror.com/supports-preserve-symlinks-flag/-/supports-preserve-symlinks-flag-1.0.0.tgz#6eda4bd344a3c94aea376d4cc31bc77311039e09"
  
  throttled-queue@^2.1.2:
    version "2.1.4"
    resolved "https://registry.npmmirror.com/throttled-queue/-/throttled-queue-2.1.4.tgz#4e2008c73ab3f72ba1bb09496c3cc9c5b745dbee"
  
  timeout-abort-controller@^1.1.1:
    version "1.1.1"
    resolved "https://registry.npmmirror.com/timeout-abort-controller/-/timeout-abort-controller-1.1.1.tgz#2c3c3c66f13c783237987673c276cbd7a9762f29"
    dependencies:
      abort-controller "^3.0.0"
      retimer "^2.0.0"
  
  tr46@~0.0.3:
    version "0.0.3"
    resolved "https://registry.npmmirror.com/tr46/-/tr46-0.0.3.tgz#8184fd347dac9cdc185992f3a6622e14b9d9ab6a"
  
  trim-newlines@^3.0.0:
    version "3.0.1"
    resolved "https://registry.npmmirror.com/trim-newlines/-/trim-newlines-3.0.1.tgz#260a5d962d8b752425b32f3a7db0dcacd176c144"
  
  type-fest@^0.18.0:
    version "0.18.1"
    resolved "https://registry.npmmirror.com/type-fest/-/type-fest-0.18.1.tgz#db4bc151a4a2cf4eebf9add5db75508db6cc841f"
  
  type-fest@^0.6.0:
    version "0.6.0"
    resolved "https://registry.npmmirror.com/type-fest/-/type-fest-0.6.0.tgz#8d2a2370d3df886eb5c90ada1c5bf6188acf838b"
  
  type-fest@^0.8.1:
    version "0.8.1"
    resolved "https://registry.npmmirror.com/type-fest/-/type-fest-0.8.1.tgz#09e249ebde851d3b1e48d27c105444667f17b83d"
  
  uint8arrays@^3.0.0:
    version "3.0.0"
    resolved "https://registry.npmmirror.com/uint8arrays/-/uint8arrays-3.0.0.tgz#260869efb8422418b6f04e3fac73a3908175c63b"
    dependencies:
      multiformats "^9.4.2"
  
  unbox-primitive@^1.0.2:
    version "1.0.2"
    resolved "https://registry.npmmirror.com/unbox-primitive/-/unbox-primitive-1.0.2.tgz#29032021057d5e6cdbd08c5129c226dff8ed6f9e"
    dependencies:
      call-bind "^1.0.2"
      has-bigints "^1.0.2"
      has-symbols "^1.0.3"
      which-boxed-primitive "^1.0.2"
  
  util-deprecate@^1.0.1:
    version "1.0.2"
    resolved "https://registry.npmmirror.com/util-deprecate/-/util-deprecate-1.0.2.tgz#450d4dc9fa70de732762fbd2d4a28981419a0ccf"
  
  util@^0.12.3:
    version "0.12.4"
    resolved "https://registry.npmmirror.com/util/-/util-0.12.4.tgz#66121a31420df8f01ca0c464be15dfa1d1850253"
    dependencies:
      inherits "^2.0.3"
      is-arguments "^1.0.4"
      is-generator-function "^1.0.7"
      is-typed-array "^1.1.3"
      safe-buffer "^5.1.2"
      which-typed-array "^1.1.2"
  
  validate-npm-package-license@^3.0.1:
    version "3.0.4"
    resolved "https://registry.npmmirror.com/validate-npm-package-license/-/validate-npm-package-license-3.0.4.tgz#fc91f6b9c7ba15c857f4cb2c5defeec39d4f410a"
    dependencies:
      spdx-correct "^3.0.0"
      spdx-expression-parse "^3.0.0"
  
  varint@^6.0.0:
    version "6.0.0"
    resolved "https://registry.npmmirror.com/varint/-/varint-6.0.0.tgz#9881eb0ce8feaea6512439d19ddf84bf551661d0"
  
  web-encoding@1.1.5:
    version "1.1.5"
    resolved "https://registry.npmmirror.com/web-encoding/-/web-encoding-1.1.5.tgz#fc810cf7667364a6335c939913f5051d3e0c4864"
    dependencies:
      util "^0.12.3"
    optionalDependencies:
      "@zxing/text-encoding" "0.9.0"
  
  web-streams-polyfill@^3.1.1:
    version "3.2.1"
    resolved "https://registry.npmmirror.com/web-streams-polyfill/-/web-streams-polyfill-3.2.1.tgz#71c2718c52b45fd49dbeee88634b3a60ceab42a6"
  
  webidl-conversions@^3.0.0:
    version "3.0.1"
    resolved "https://registry.npmmirror.com/webidl-conversions/-/webidl-conversions-3.0.1.tgz#24534275e2a7bc6be7bc86611cc16ae0a5654871"
  
  whatwg-url@^5.0.0:
    version "5.0.0"
    resolved "https://registry.npmmirror.com/whatwg-url/-/whatwg-url-5.0.0.tgz#966454e8765462e37644d3626f6742ce8b70965d"
    dependencies:
      tr46 "~0.0.3"
      webidl-conversions "^3.0.0"
  
  which-boxed-primitive@^1.0.2:
    version "1.0.2"
    resolved "https://registry.npmmirror.com/which-boxed-primitive/-/which-boxed-primitive-1.0.2.tgz#13757bc89b209b049fe5d86430e21cf40a89a8e6"
    dependencies:
      is-bigint "^1.0.1"
      is-boolean-object "^1.1.0"
      is-number-object "^1.0.4"
      is-string "^1.0.5"
      is-symbol "^1.0.3"
  
  which-typed-array@^1.1.2:
    version "1.1.8"
    resolved "https://registry.npmmirror.com/which-typed-array/-/which-typed-array-1.1.8.tgz#0cfd53401a6f334d90ed1125754a42ed663eb01f"
    dependencies:
      available-typed-arrays "^1.0.5"
      call-bind "^1.0.2"
      es-abstract "^1.20.0"
      for-each "^0.3.3"
      has-tostringtag "^1.0.0"
      is-typed-array "^1.1.9"
  
  yallist@^4.0.0:
    version "4.0.0"
    resolved "https://registry.npmmirror.com/yallist/-/yallist-4.0.0.tgz#9bb92790d9c0effec63be73519e11a35019a3a72"
  
  yargs-parser@^20.2.3:
    version "20.2.9"
    resolved "https://registry.npmmirror.com/yargs-parser/-/yargs-parser-20.2.9.tgz#2eb7dc3b0289718fc295f362753845c41a0c94ee"

Trace: 
  Error: EACCES: permission denied, open '/Users/apple/Library/Containers/com.tencent.xinWeChat/Data/Library/Application Support/com.tencent.xinWeChat/2.0b4.0.9/eb1648c2d21dafdce487897ad9e46a30/Message/MessageTemp/937cefbe558647804289483f57dacb6d/File/team1/yarn.lock'
